[0.319s] Invoking command in '/home/esogu/ros2_ws/build/usb_cam': CMAKE_PREFIX_PATH=${CMAKE_PREFIX_PATH}:/home/esogu/ros2_ws/install/detection:/opt/ros/humble /usr/bin/cmake --build /home/esogu/ros2_ws/build/usb_cam -- -j8 -l8
[0.384s] [ 14%] Built target gtest_main
[0.387s] [ 28%] Built target gtest
[0.390s] [ 42%] Built target usb_cam
[0.391s] [ 57%] Built target usb_cam_node_exe
[0.417s] [ 71%] Built target test_usb_cam_utils
[0.418s] [ 85%] Built target test_pixel_formats
[0.426s] [ 92%] [32mBuilding CXX object CMakeFiles/usb_cam_node.dir/src/usb_cam_node.cpp.o[0m
[0.606s] In file included from [01m[K/home/esogu/ros2_ws/src/usb_cam/src/usb_cam_node.cpp:34[m[K:
[0.606s] [01m[K/home/esogu/ros2_ws/src/usb_cam/include/usb_cam/usb_cam_node.hpp:38:10:[m[K [01;31m[Kfatal error: [m[Kcamera_info_manager/camera_info_manager.hpp: No such file or directory
[0.606s]    38 | #include [01;31m[K"camera_info_manager/camera_info_manager.hpp"[m[K
[0.606s]       |          [01;31m[K^~~~~~~~~~~~~~~~~~~~~~~~~~~~~~~~~~~~~~~~~~~~~[m[K
[0.606s] compilation terminated.
[0.608s] gmake[2]: *** [CMakeFiles/usb_cam_node.dir/build.make:76: CMakeFiles/usb_cam_node.dir/src/usb_cam_node.cpp.o] Error 1
[0.608s] gmake[1]: *** [CMakeFiles/Makefile2:189: CMakeFiles/usb_cam_node.dir/all] Error 2
[0.608s] gmake: *** [Makefile:146: all] Error 2
[0.611s] Invoked command in '/home/esogu/ros2_ws/build/usb_cam' returned '2': CMAKE_PREFIX_PATH=${CMAKE_PREFIX_PATH}:/home/esogu/ros2_ws/install/detection:/opt/ros/humble /usr/bin/cmake --build /home/esogu/ros2_ws/build/usb_cam -- -j8 -l8
