[0.308s] Invoking command in '/home/esogu/ros2_ws/build/usb_cam': CMAKE_PREFIX_PATH=${CMAKE_PREFIX_PATH}:/home/esogu/ros2_ws/install/detection:/opt/ros/humble /usr/bin/cmake --build /home/esogu/ros2_ws/build/usb_cam -- -j8 -l8
[0.371s] -- Found ament_cmake_auto: 1.3.11 (/opt/ros/humble/share/ament_cmake_auto/cmake)
[0.652s] -- Found rosidl_generator_c: 3.1.6 (/opt/ros/humble/share/rosidl_generator_c/cmake)
[0.657s] -- Found rosidl_adapter: 3.1.6 (/opt/ros/humble/share/rosidl_adapter/cmake)
[0.669s] -- Found rosidl_generator_cpp: 3.1.6 (/opt/ros/humble/share/rosidl_generator_cpp/cmake)
[0.690s] -- Using all available rosidl_typesupport_c: rosidl_typesupport_fastrtps_c;rosidl_typesupport_introspection_c
[0.715s] -- Using all available rosidl_typesupport_cpp: rosidl_typesupport_fastrtps_cpp;rosidl_typesupport_introspection_cpp
[0.778s] -- Found rmw_implementation_cmake: 6.1.2 (/opt/ros/humble/share/rmw_implementation_cmake/cmake)
[0.780s] -- Found rmw_fastrtps_cpp: 6.2.7 (/opt/ros/humble/share/rmw_fastrtps_cpp/cmake)
[0.911s] -- Using RMW implementation 'rmw_fastrtps_cpp' as default
[1.220s] -- Found ament_lint_auto: 0.12.11 (/opt/ros/humble/share/ament_lint_auto/cmake)
[1.234s] -- Found gtest sources under '/opt/ros/humble/src/gtest_vendor': C++ tests using 'Google Test' will be built
[1.250s] -- Added test 'copyright' to check source files copyright and LICENSE
[1.257s] -- Added test 'cppcheck' to perform static code analysis on C / C++ code
[1.257s] -- Configured cppcheck include dirs: /home/esogu/ros2_ws/src/usb_cam/include
[1.258s] -- Configured cppcheck exclude dirs and/or files: 
[1.265s] -- Added test 'cpplint' to check C / C++ code against the Google style
[1.265s] -- Configured cpplint exclude dirs and/or files: 
[1.266s] -- Added test 'flake8' to check Python code syntax and style conventions
[1.268s] -- Added test 'lint_cmake' to check CMake code style
[1.270s] -- Added test 'pep257' to check Python code against some of the docstring style conventions in PEP 257
[1.277s] -- Added test 'uncrustify' to check C / C++ code style
[1.277s] -- Configured uncrustify additional arguments: 
[1.278s] -- Added test 'xmllint' to check XML markup files
[1.281s] -- Configuring done
[1.321s] -- Generating done
[1.333s] -- Build files have been written to: /home/esogu/ros2_ws/build/usb_cam
[1.363s] [35m[1mConsolidate compiler generated dependencies of target usb_cam[0m
[1.364s] [35m[1mConsolidate compiler generated dependencies of target gtest[0m
[1.364s] [35m[1mConsolidate compiler generated dependencies of target usb_cam_node_exe[0m
[1.364s] [35m[1mConsolidate compiler generated dependencies of target gtest_main[0m
[1.384s] [ 14%] Built target usb_cam
[1.384s] [ 35%] Built target usb_cam_node_exe
[1.384s] [ 57%] Built target gtest_main
[1.384s] [ 57%] Built target gtest
[1.396s] [35m[1mConsolidate compiler generated dependencies of target test_usb_cam_utils[0m
[1.397s] [35m[1mConsolidate compiler generated dependencies of target test_pixel_formats[0m
[1.398s] [35m[1mConsolidate compiler generated dependencies of target usb_cam_node[0m
[1.413s] [ 85%] Built target test_pixel_formats
[1.413s] [ 85%] Built target test_usb_cam_utils
[1.422s] [ 92%] [32mBuilding CXX object CMakeFiles/usb_cam_node.dir/src/usb_cam_node.cpp.o[0m
[1.672s] In file included from [01m[K/home/esogu/ros2_ws/src/usb_cam/src/usb_cam_node.cpp:34[m[K:
[1.672s] [01m[K/home/esogu/ros2_ws/src/usb_cam/include/usb_cam/usb_cam_node.hpp:38:10:[m[K [01;31m[Kfatal error: [m[Kcamera_info_manager/camera_info_manager.hpp: No such file or directory
[1.672s]    38 | #include [01;31m[K"camera_info_manager/camera_info_manager.hpp"[m[K
[1.672s]       |          [01;31m[K^~~~~~~~~~~~~~~~~~~~~~~~~~~~~~~~~~~~~~~~~~~~~[m[K
[1.672s] compilation terminated.
[1.674s] gmake[2]: *** [CMakeFiles/usb_cam_node.dir/build.make:76: CMakeFiles/usb_cam_node.dir/src/usb_cam_node.cpp.o] Error 1
[1.674s] gmake[1]: *** [CMakeFiles/Makefile2:189: CMakeFiles/usb_cam_node.dir/all] Error 2
[1.674s] gmake: *** [Makefile:146: all] Error 2
[1.677s] Invoked command in '/home/esogu/ros2_ws/build/usb_cam' returned '2': CMAKE_PREFIX_PATH=${CMAKE_PREFIX_PATH}:/home/esogu/ros2_ws/install/detection:/opt/ros/humble /usr/bin/cmake --build /home/esogu/ros2_ws/build/usb_cam -- -j8 -l8
